<?xml version="1.0" encoding="UTF-8"?>
<!-- Generated by org.testng.reporters.JUnitXMLReporter -->
<testsuite hostname="DESKTOP-AFPQEHR" ignored="0" name="test" tests="1" failures="1" timestamp="23 Jun 2018 06:14:27 GMT" time="41.467" errors="0">
  <testcase name="AmazonProductSearch" time="41.422" classname="productSearch.SearchProduct">
    <failure type="java.lang.AssertionError" message="expected [Nikon D3X] but found [Nikon AF-S FX NIKKOR 800mm f/5.6E FL ED Vibration Reduction Fixed Zoom Lens with Auto Focus for Nikon DSLR Cameras]">
      <![CDATA[java.lang.AssertionError: expected [Nikon D3X] but found [Nikon AF-S FX NIKKOR 800mm f/5.6E FL ED Vibration Reduction Fixed Zoom Lens with Auto Focus for Nikon DSLR Cameras]at productSearch.SearchProduct.AmazonProductSearch(SearchProduct.java:70)... Removed 31 stack frames]]>
    </failure>
  </testcase> <!-- AmazonProductSearch -->
</testsuite> <!-- test -->
