<?xml version="1.0" encoding="UTF-8"?>
<!-- Generated by org.testng.reporters.JUnitXMLReporter -->
<testsuite hostname="DESKTOP-AFPQEHR" ignored="0" name="test" tests="1" failures="1" timestamp="24 Jun 2018 14:51:29 GMT" time="27.053" errors="0">
  <testcase name="AmazonProductSearch" time="27.014" classname="productSearch.SearchProduct">
    <failure type="java.lang.AssertionError" message="Product title not matching expected [Nikon D3X] but found [Nikon AF-S FX NIKKOR 800mm f/5.6E FL ED Vibration Reduction Fixed Zoom Lens with Auto Focus for Nikon DSLR Cameras]">
      <![CDATA[java.lang.AssertionError: Product title not matching expected [Nikon D3X] but found [Nikon AF-S FX NIKKOR 800mm f/5.6E FL ED Vibration Reduction Fixed Zoom Lens with Auto Focus for Nikon DSLR Cameras]at productSearch.SearchProduct.AmazonProductSearch(SearchProduct.java:75)... Removed 30 stack frames]]>
    </failure>
  </testcase> <!-- AmazonProductSearch -->
</testsuite> <!-- test -->
